In file included from [01m[K/opt/ros/humble/include/rclcpp/rclcpp/logging.hpp:24[m[K,
                 from [01m[K/opt/ros/humble/include/rclcpp/rclcpp/experimental/subscription_intra_process_base.hpp:27[m[K,
                 from [01m[K/opt/ros/humble/include/rclcpp/rclcpp/experimental/ros_message_intra_process_buffer.hpp:25[m[K,
                 from [01m[K/opt/ros/humble/include/rclcpp/rclcpp/experimental/intra_process_manager.hpp:31[m[K,
                 from [01m[K/opt/ros/humble/include/rclcpp/rclcpp/publisher.hpp:35[m[K,
                 from [01m[K/root/rm_version4_ws/src/rm_auto_aim/rm_serial_driver/include/rm_serial_driver/rm_serial_driver.hpp:7[m[K,
                 from [01m[K/root/rm_version4_ws/src/rm_auto_aim/rm_serial_driver/src/rm_serial_driver.cpp:4[m[K:
[01m[K/root/rm_version4_ws/src/rm_auto_aim/rm_serial_driver/src/rm_serial_driver.cpp:[m[K In constructor â€˜[01m[Krm_serial_driver::RMSerialDriver::RMSerialDriver(const rclcpp::NodeOptions&)[m[Kâ€™:
[01m[K/root/rm_version4_ws/src/rm_auto_aim/rm_serial_driver/src/rm_serial_driver.cpp:29:29:[m[K [01;31m[Kerror: [m[Kformat â€˜[01m[K%lf[m[Kâ€™ expects argument of type â€˜[01m[Kdouble[m[Kâ€™, but argument 5 has type â€˜[01m[Klong int[m[Kâ€™ [[01;31m[K-Werror=format=[m[K]
   29 |   RCLCPP_WARN(get_logger(), [01;31m[K"%lf"[m[K, [32m[Kdeclare_parameter<int>("gain", 8.0)[m[K);
      |                             [01;31m[K^~~~~[m[K  [32m[K~~~~~~~~~~~~~~~~~~~~~~~~~~~~~~~~~~~[m[K
      |                                                          [32m[K|[m[K
      |                                                          [32m[Klong int[m[K
[01m[K/root/rm_version4_ws/src/rm_auto_aim/rm_serial_driver/src/rm_serial_driver.cpp:29:32:[m[K [01;36m[Knote: [m[Kformat string is defined here
   29 |   RCLCPP_WARN(get_logger(), "[01;36m[K%lf[m[K", declare_parameter<int>("gain", 8.0));
      |                              [01;36m[K~~^[m[K
      |                                [01;36m[K|[m[K
      |                                [01;36m[Kdouble[m[K
      |                              [32m[K%ld[m[K
cc1plus: all warnings being treated as errors
gmake[2]: *** [CMakeFiles/rm_serial_driver.dir/build.make:76: CMakeFiles/rm_serial_driver.dir/src/rm_serial_driver.cpp.o] Error 1
gmake[1]: *** [CMakeFiles/Makefile2:139: CMakeFiles/rm_serial_driver.dir/all] Error 2
gmake: *** [Makefile:146: all] Error 2
