[0.014s] Invoking command in '/home/wlixill/rm_version4_ws/build/auto_aim_interfaces': CMAKE_PREFIX_PATH=${CMAKE_PREFIX_PATH}:/opt/ros/humble /usr/bin/cmake --build /home/wlixill/rm_version4_ws/build/auto_aim_interfaces -- -j16 -l16
[0.052s] [35m[1mConsolidate compiler generated dependencies of target auto_aim_interfaces__rosidl_generator_c[0m
[0.060s] [  1%] Built target auto_aim_interfaces__cpp
[0.065s] [ 12%] Built target auto_aim_interfaces__rosidl_generator_c
[0.070s] [ 12%] Built target ament_cmake_python_copy_auto_aim_interfaces
[0.071s] [35m[1mConsolidate compiler generated dependencies of target auto_aim_interfaces__rosidl_typesupport_cpp[0m
[0.071s] [35m[1mConsolidate compiler generated dependencies of target auto_aim_interfaces__rosidl_typesupport_fastrtps_cpp[0m
[0.072s] [35m[1mConsolidate compiler generated dependencies of target auto_aim_interfaces__rosidl_typesupport_introspection_cpp[0m
[0.076s] [35m[1mConsolidate compiler generated dependencies of target auto_aim_interfaces__rosidl_typesupport_c[0m
[0.077s] [35m[1mConsolidate compiler generated dependencies of target auto_aim_interfaces__rosidl_typesupport_introspection_c[0m
[0.079s] [35m[1mConsolidate compiler generated dependencies of target auto_aim_interfaces__rosidl_typesupport_fastrtps_c[0m
[0.090s] [ 29%] Built target auto_aim_interfaces__rosidl_typesupport_c
[0.090s] [ 40%] Built target auto_aim_interfaces__rosidl_typesupport_fastrtps_cpp
[0.090s] [ 46%] Built target auto_aim_interfaces__rosidl_typesupport_cpp
[0.091s] [ 58%] Built target auto_aim_interfaces__rosidl_typesupport_introspection_c
[0.093s] [ 69%] Built target auto_aim_interfaces__rosidl_typesupport_introspection_cpp
[0.098s] [ 81%] Built target auto_aim_interfaces__rosidl_typesupport_fastrtps_c
[0.119s] [ 81%] Built target auto_aim_interfaces
[0.140s] [ 82%] Built target auto_aim_interfaces__py
[0.150s] [35m[1mConsolidate compiler generated dependencies of target auto_aim_interfaces__rosidl_generator_py[0m
[0.169s] [ 92%] Built target auto_aim_interfaces__rosidl_generator_py
[0.179s] [35m[1mConsolidate compiler generated dependencies of target auto_aim_interfaces__rosidl_typesupport_c__pyext[0m
[0.179s] [35m[1mConsolidate compiler generated dependencies of target auto_aim_interfaces__rosidl_typesupport_introspection_c__pyext[0m
[0.179s] [35m[1mConsolidate compiler generated dependencies of target auto_aim_interfaces__rosidl_typesupport_fastrtps_c__pyext[0m
[0.192s] [100%] Built target auto_aim_interfaces__rosidl_typesupport_fastrtps_c__pyext
[0.192s] [100%] Built target auto_aim_interfaces__rosidl_typesupport_c__pyext
[0.192s] [100%] Built target auto_aim_interfaces__rosidl_typesupport_introspection_c__pyext
[0.248s] running egg_info
[0.249s] writing auto_aim_interfaces.egg-info/PKG-INFO
[0.249s] writing dependency_links to auto_aim_interfaces.egg-info/dependency_links.txt
[0.249s] writing top-level names to auto_aim_interfaces.egg-info/top_level.txt
[0.251s] reading manifest file 'auto_aim_interfaces.egg-info/SOURCES.txt'
[0.251s] writing manifest file 'auto_aim_interfaces.egg-info/SOURCES.txt'
[0.271s] [100%] Built target ament_cmake_python_build_auto_aim_interfaces_egg
[0.284s] Invoked command in '/home/wlixill/rm_version4_ws/build/auto_aim_interfaces' returned '0': CMAKE_PREFIX_PATH=${CMAKE_PREFIX_PATH}:/opt/ros/humble /usr/bin/cmake --build /home/wlixill/rm_version4_ws/build/auto_aim_interfaces -- -j16 -l16
[0.436s] Traceback (most recent call last):
  File "/usr/lib/python3/dist-packages/colcon_parallel_executor/executor/parallel.py", line 75, in execute
    loop.run_until_complete(future)
  File "/usr/lib/python3.10/asyncio/base_events.py", line 636, in run_until_complete
    self.run_forever()
  File "/usr/lib/python3.10/asyncio/base_events.py", line 603, in run_forever
    self._run_once()
  File "/usr/lib/python3.10/asyncio/base_events.py", line 1871, in _run_once
    event_list = self._selector.select(timeout)
  File "/usr/lib/python3.10/selectors.py", line 469, in select
    fd_event_list = self._selector.poll(timeout, max_ev)
KeyboardInterrupt

During handling of the above exception, another exception occurred:

Traceback (most recent call last):
  File "/usr/lib/python3/dist-packages/colcon_core/executor/__init__.py", line 91, in __call__
    rc = await self.task(*args, **kwargs)
  File "/usr/lib/python3/dist-packages/colcon_core/task/__init__.py", line 93, in __call__
    return await task_method(*args, **kwargs)
  File "/usr/lib/python3/dist-packages/colcon_ros/task/ament_cmake/build.py", line 59, in build
    rc = await extension.build(
  File "/usr/lib/python3/dist-packages/colcon_cmake/task/cmake/build.py", line 110, in build
    if await has_target(args.build_base, 'install'):
  File "/usr/lib/python3/dist-packages/colcon_cmake/task/cmake/__init__.py", line 57, in has_target
    return target in await get_makefile_targets(path)
  File "/usr/lib/python3/dist-packages/colcon_cmake/task/cmake/__init__.py", line 77, in get_makefile_targets
    output = await check_output([
  File "/usr/lib/python3/dist-packages/colcon_core/subprocess.py", line 129, in check_output
    assert not rc, f'Expected {args} to pass: {stderr_data}'
AssertionError: Expected ['/usr/bin/cmake', '--build', '/home/wlixill/rm_version4_ws/build/auto_aim_interfaces', '--target', 'help'] to pass: gmake: *** [Makefile:1937: help] ä¸­æ–­

